Using pre-set license
Built from '2020.2/release' branch; Version is '2020.2.1f1 (270dd8c3da1c) revision 2559448'; Using compiler version '192528614'; Build Type 'Release'
OS: 'Windows 10  (10.0.0) 64bit' Language: 'tr' Physical Memory: 16317 MB
BatchMode: 1, IsHumanControllingUs: 0, StartBugReporterOnCrash: 0, Is64bit: 1, IsPro: 0

 COMMAND LINE ARGUMENTS:
C:\Program Files\Unity\Hub\Editor\2020.2.1f1\Editor\Unity.exe
-adb2
-batchMode
-noUpm
-name
AssetImportWorker0
-projectPath
C:/Users/Bora/Documents/GitHub/Among-Us/Among Us
-logFile
Logs/AssetImportWorker0.log
-srvPort
61865
Successfully changed project path to: C:/Users/Bora/Documents/GitHub/Among-Us/Among Us
C:/Users/Bora/Documents/GitHub/Among-Us/Among Us
Using Asset Import Pipeline V2.
Refreshing native plugins compatible for Editor in 28.52 ms, found 1 plugins.
Preloading 0 native plugins for Editor in 0.00 ms.
Initialize engine version: 2020.2.1f1 (270dd8c3da1c)
[Subsystems] Discovering subsystems at path C:/Program Files/Unity/Hub/Editor/2020.2.1f1/Editor/Data/Resources/UnitySubsystems
[Subsystems] Discovering subsystems at path C:/Users/Bora/Documents/GitHub/Among-Us/Among Us/Assets
GfxDevice: creating device client; threaded=0
Direct3D:
    Version:  Direct3D 11.0 [level 11.1]
    Renderer: NVIDIA GeForce GTX 1070 (ID=0x1b81)
    Vendor:   
    VRAM:     8088 MB
    Driver:   27.21.14.5730
Initialize mono
Mono path[0] = 'C:/Program Files/Unity/Hub/Editor/2020.2.1f1/Editor/Data/Managed'
Mono path[1] = 'C:/Program Files/Unity/Hub/Editor/2020.2.1f1/Editor/Data/MonoBleedingEdge/lib/mono/unityjit'
Mono config path = 'C:/Program Files/Unity/Hub/Editor/2020.2.1f1/Editor/Data/MonoBleedingEdge/etc'
Using monoOptions --debugger-agent=transport=dt_socket,embedding=1,server=y,suspend=n,address=127.0.0.1:56208
Begin MonoManager ReloadAssembly
Registering precompiled unity dll's ...
Register platform support module: C:/Program Files/Unity/Hub/Editor/2020.2.1f1/Editor/Data/PlaybackEngines/WindowsStandaloneSupport/UnityEditor.WindowsStandalone.Extensions.dll
Registered in 0.001443 seconds.
Native extension for WindowsStandalone target not found
Refreshing native plugins compatible for Editor in 29.44 ms, found 1 plugins.
Preloading 0 native plugins for Editor in 0.00 ms.
Invoked RoslynAnalysisRunner static constructor.
RoslynAnalysisRunner will not be running.
RoslynAnalysisRunner has terminated.
Mono: successfully reloaded assembly
- Completed reload, in  0.843 seconds
Platform modules already initialized, skipping
Registering precompiled user dll's ...
Registered in 0.000914 seconds.
Begin MonoManager ReloadAssembly
Native extension for WindowsStandalone target not found
Refreshing native plugins compatible for Editor in 32.11 ms, found 1 plugins.
Preloading 0 native plugins for Editor in 0.00 ms.
Invoked RoslynAnalysisRunner static constructor.
RoslynAnalysisRunner will not be running.
RoslynAnalysisRunner has terminated.
Mono: successfully reloaded assembly
- Completed reload, in  0.815 seconds
Platform modules already initialized, skipping
========================================================================
Worker process is ready to serve import requests
Launched and connected shader compiler UnityShaderCompiler.exe after 0.04 seconds
Refreshing native plugins compatible for Editor in 0.35 ms, found 1 plugins.
Preloading 0 native plugins for Editor in 0.00 ms.
Unloading 1787 Unused Serialized files (Serialized files now loaded: 0)
System memory in use before: 83.5 MB.
System memory in use after: 83.5 MB.

Unloading 24 unused Assets to reduce memory usage. Loaded Objects now: 2226.
Total: 1.744800 ms (FindLiveObjects: 0.176800 ms CreateObjectMapping: 0.083200 ms MarkObjects: 1.392400 ms  DeleteObjects: 0.091500 ms)

========================================================================
Received Import Request.
  path: Assets/Sprites
  artifactKey: Guid(27e8ef96d2947e4479df75442c053966) Importer(815301076,1909f56bfc062723c751e8b465ee728b)
Start importing Assets/Sprites using Guid(27e8ef96d2947e4479df75442c053966) Importer(815301076,1909f56bfc062723c751e8b465ee728b)  -> (artifact id: '800f9879db5e41fea153c04e662c479b') in 0.010094 seconds
  Import took 0.012924 seconds .

========================================================================
Received Import Request.
  Time since last request: 16.251437 seconds.
  path: Assets/Sprites/AU_Characters.png
  artifactKey: Guid(5cea042b7f15e2f46876af0b73a6a52b) Importer(815301076,1909f56bfc062723c751e8b465ee728b)
Start importing Assets/Sprites/AU_Characters.png using Guid(5cea042b7f15e2f46876af0b73a6a52b) Importer(815301076,1909f56bfc062723c751e8b465ee728b)  -> (artifact id: '7f1f8a9648cd37d643d11780c77b7948') in 0.124266 seconds
  Import took 0.127191 seconds .

========================================================================
Received Import Request.
  Time since last request: 15.310128 seconds.
  path: Assets/Sprites/AU_CharacterParts.png
  artifactKey: Guid(7d7e8e4e516213a4bb02c38666e1db36) Importer(815301076,1909f56bfc062723c751e8b465ee728b)
Start importing Assets/Sprites/AU_CharacterParts.png using Guid(7d7e8e4e516213a4bb02c38666e1db36) Importer(815301076,1909f56bfc062723c751e8b465ee728b)  -> (artifact id: '65821f1825f431ae8ae1a96c7fd0b0a2') in 0.019540 seconds
  Import took 0.022350 seconds .

========================================================================
Received Import Request.
  Time since last request: 197.810720 seconds.
  path: Assets/Sprites/AU_Characters.png
  artifactKey: Guid(5cea042b7f15e2f46876af0b73a6a52b) Importer(815301076,1909f56bfc062723c751e8b465ee728b)
Start importing Assets/Sprites/AU_Characters.png using Guid(5cea042b7f15e2f46876af0b73a6a52b) Importer(815301076,1909f56bfc062723c751e8b465ee728b)  -> (artifact id: '7b9de430c49865d1ee8ddfe302272e38') in 0.011292 seconds
  Import took 0.014135 seconds .

========================================================================
Received Import Request.
  Time since last request: 0.027790 seconds.
  path: Assets/Sprites/AU_Characters.png
  artifactKey: Guid(5cea042b7f15e2f46876af0b73a6a52b) Importer(815301076,1909f56bfc062723c751e8b465ee728b)
Start importing Assets/Sprites/AU_Characters.png using Guid(5cea042b7f15e2f46876af0b73a6a52b) Importer(815301076,1909f56bfc062723c751e8b465ee728b)  -> (artifact id: '7b9de430c49865d1ee8ddfe302272e38') in 0.008575 seconds
  Import took 0.011713 seconds .

========================================================================
Received Import Request.
  Time since last request: 4144.915723 seconds.
  path: Assets/Sprites/AU_Characters.png
  artifactKey: Guid(5cea042b7f15e2f46876af0b73a6a52b) Importer(815301076,1909f56bfc062723c751e8b465ee728b)
Start importing Assets/Sprites/AU_Characters.png using Guid(5cea042b7f15e2f46876af0b73a6a52b) Importer(815301076,1909f56bfc062723c751e8b465ee728b)  -> (artifact id: '6bffd0c957ca05e4a0a97082c0d0332a') in 0.062139 seconds
  Import took 0.068732 seconds .

AssetImportWorkerClient::OnTransportError - code=2 error=End of file
