Using pre-set license
Built from '2020.2/release' branch; Version is '2020.2.1f1 (270dd8c3da1c) revision 2559448'; Using compiler version '192528614'; Build Type 'Release'
OS: 'Windows 10  (10.0.0) 64bit' Language: 'tr' Physical Memory: 16317 MB
BatchMode: 1, IsHumanControllingUs: 0, StartBugReporterOnCrash: 0, Is64bit: 1, IsPro: 0

 COMMAND LINE ARGUMENTS:
C:\Program Files\Unity\Hub\Editor\2020.2.1f1\Editor\Unity.exe
-adb2
-batchMode
-noUpm
-name
AssetImportWorker0
-projectPath
C:/Users/Bora/Documents/GitHub/Among-Us/Among Us
-logFile
Logs/AssetImportWorker0.log
-srvPort
59770
Successfully changed project path to: C:/Users/Bora/Documents/GitHub/Among-Us/Among Us
C:/Users/Bora/Documents/GitHub/Among-Us/Among Us
Using Asset Import Pipeline V2.
Refreshing native plugins compatible for Editor in 33.29 ms, found 1 plugins.
Preloading 0 native plugins for Editor in 0.00 ms.
Initialize engine version: 2020.2.1f1 (270dd8c3da1c)
[Subsystems] Discovering subsystems at path C:/Program Files/Unity/Hub/Editor/2020.2.1f1/Editor/Data/Resources/UnitySubsystems
[Subsystems] Discovering subsystems at path C:/Users/Bora/Documents/GitHub/Among-Us/Among Us/Assets
GfxDevice: creating device client; threaded=0
Direct3D:
    Version:  Direct3D 11.0 [level 11.1]
    Renderer: NVIDIA GeForce GTX 1070 (ID=0x1b81)
    Vendor:   
    VRAM:     8088 MB
    Driver:   27.21.14.5730
Initialize mono
Mono path[0] = 'C:/Program Files/Unity/Hub/Editor/2020.2.1f1/Editor/Data/Managed'
Mono path[1] = 'C:/Program Files/Unity/Hub/Editor/2020.2.1f1/Editor/Data/MonoBleedingEdge/lib/mono/unityjit'
Mono config path = 'C:/Program Files/Unity/Hub/Editor/2020.2.1f1/Editor/Data/MonoBleedingEdge/etc'
Using monoOptions --debugger-agent=transport=dt_socket,embedding=1,server=y,suspend=n,address=127.0.0.1:56380
Begin MonoManager ReloadAssembly
Registering precompiled unity dll's ...
Register platform support module: C:/Program Files/Unity/Hub/Editor/2020.2.1f1/Editor/Data/PlaybackEngines/WindowsStandaloneSupport/UnityEditor.WindowsStandalone.Extensions.dll
Registered in 0.001331 seconds.
Native extension for WindowsStandalone target not found
Refreshing native plugins compatible for Editor in 32.56 ms, found 1 plugins.
Preloading 0 native plugins for Editor in 0.00 ms.
Invoked RoslynAnalysisRunner static constructor.
RoslynAnalysisRunner will not be running.
RoslynAnalysisRunner has terminated.
Mono: successfully reloaded assembly
- Completed reload, in  0.819 seconds
Platform modules already initialized, skipping
Registering precompiled user dll's ...
Registered in 0.001023 seconds.
Begin MonoManager ReloadAssembly
Native extension for WindowsStandalone target not found
Refreshing native plugins compatible for Editor in 33.58 ms, found 1 plugins.
Preloading 0 native plugins for Editor in 0.00 ms.
Invoked RoslynAnalysisRunner static constructor.
RoslynAnalysisRunner will not be running.
RoslynAnalysisRunner has terminated.
Mono: successfully reloaded assembly
- Completed reload, in  0.798 seconds
Platform modules already initialized, skipping
========================================================================
Worker process is ready to serve import requests
Launched and connected shader compiler UnityShaderCompiler.exe after 0.04 seconds
Refreshing native plugins compatible for Editor in 0.42 ms, found 1 plugins.
Preloading 0 native plugins for Editor in 0.00 ms.
Unloading 2083 Unused Serialized files (Serialized files now loaded: 0)
System memory in use before: 94.2 MB.
System memory in use after: 94.3 MB.

Unloading 21 unused Assets to reduce memory usage. Loaded Objects now: 2529.
Total: 1.768500 ms (FindLiveObjects: 0.196900 ms CreateObjectMapping: 0.084500 ms MarkObjects: 1.447500 ms  DeleteObjects: 0.038800 ms)

========================================================================
Received Import Request.
  path: Assets
  artifactKey: Guid(00000000000000001000000000000000) Importer(815301076,1909f56bfc062723c751e8b465ee728b)
Start importing Assets using Guid(00000000000000001000000000000000) Importer(815301076,1909f56bfc062723c751e8b465ee728b)  -> (artifact id: 'e1a2c4dac9df7c17871e19a3b74f0e9f') in 0.009794 seconds
  Import took 0.013000 seconds .

========================================================================
Received Import Request.
  Time since last request: 3.798100 seconds.
  path: Assets/Scripts
  artifactKey: Guid(9ffcf8d209ad7d346ab71fe876848e82) Importer(815301076,1909f56bfc062723c751e8b465ee728b)
Start importing Assets/Scripts using Guid(9ffcf8d209ad7d346ab71fe876848e82) Importer(815301076,1909f56bfc062723c751e8b465ee728b)  -> (artifact id: 'bbc2ffc147bfbc22ed5b2bbdf88930a4') in 0.007566 seconds
  Import took 0.010456 seconds .

========================================================================
Received Prepare
Registering precompiled user dll's ...
Registered in 0.000891 seconds.
Begin MonoManager ReloadAssembly
Native extension for WindowsStandalone target not found
Refreshing native plugins compatible for Editor in 0.36 ms, found 1 plugins.
Preloading 0 native plugins for Editor in 0.00 ms.
Invoked RoslynAnalysisRunner static constructor.
RoslynAnalysisRunner will not be running.
RoslynAnalysisRunner has terminated.
Mono: successfully reloaded assembly
- Completed reload, in  0.768 seconds
Platform modules already initialized, skipping
Refreshing native plugins compatible for Editor in 0.34 ms, found 1 plugins.
Preloading 0 native plugins for Editor in 0.00 ms.
Unloading 2074 Unused Serialized files (Serialized files now loaded: 0)
System memory in use before: 94.1 MB.
System memory in use after: 94.2 MB.

Unloading 7 unused Assets to reduce memory usage. Loaded Objects now: 2533.
Total: 2.196100 ms (FindLiveObjects: 0.170300 ms CreateObjectMapping: 0.069000 ms MarkObjects: 1.925100 ms  DeleteObjects: 0.029400 ms)

========================================================================
Received Import Request.
  Time since last request: 8.974847 seconds.
  path: Assets/Scripts/NewBehaviourScript.cs
  artifactKey: Guid(7ff446c224439d844980dd97aa1a6058) Importer(815301076,1909f56bfc062723c751e8b465ee728b)
Start importing Assets/Scripts/NewBehaviourScript.cs using Guid(7ff446c224439d844980dd97aa1a6058) Importer(815301076,1909f56bfc062723c751e8b465ee728b)  -> (artifact id: 'e1a7c834b0cc1efea611947ffb32e00e') in 0.043126 seconds
  Import took 0.045864 seconds .

========================================================================
Received Import Request.
  Time since last request: 11.047144 seconds.
  path: Assets/Scripts/PlayerController.cs
  artifactKey: Guid(7ff446c224439d844980dd97aa1a6058) Importer(815301076,1909f56bfc062723c751e8b465ee728b)
Start importing Assets/Scripts/PlayerController.cs using Guid(7ff446c224439d844980dd97aa1a6058) Importer(815301076,1909f56bfc062723c751e8b465ee728b)  -> (artifact id: '223f8b0b40ef57f46638533478e4f65d') in 0.008294 seconds
  Import took 0.011059 seconds .

========================================================================
Received Import Request.
  Time since last request: 0.001016 seconds.
  path: Assets/Scripts/PlayerController.cs
  artifactKey: Guid(7ff446c224439d844980dd97aa1a6058) Importer(815301076,1909f56bfc062723c751e8b465ee728b)
Start importing Assets/Scripts/PlayerController.cs using Guid(7ff446c224439d844980dd97aa1a6058) Importer(815301076,1909f56bfc062723c751e8b465ee728b)  -> (artifact id: '223f8b0b40ef57f46638533478e4f65d') in 0.003658 seconds
  Import took 0.006819 seconds .

========================================================================
Received Prepare
Registering precompiled user dll's ...
Registered in 0.000868 seconds.
Begin MonoManager ReloadAssembly
Native extension for WindowsStandalone target not found
Refreshing native plugins compatible for Editor in 0.35 ms, found 1 plugins.
Preloading 0 native plugins for Editor in 0.00 ms.
Invoked RoslynAnalysisRunner static constructor.
RoslynAnalysisRunner will not be running.
RoslynAnalysisRunner has terminated.
Mono: successfully reloaded assembly
- Completed reload, in  0.741 seconds
Platform modules already initialized, skipping
Refreshing native plugins compatible for Editor in 0.48 ms, found 1 plugins.
Preloading 0 native plugins for Editor in 0.00 ms.
Unloading 2074 Unused Serialized files (Serialized files now loaded: 0)
System memory in use before: 94.2 MB.
System memory in use after: 94.3 MB.

Unloading 7 unused Assets to reduce memory usage. Loaded Objects now: 2536.
Total: 1.707300 ms (FindLiveObjects: 0.195100 ms CreateObjectMapping: 0.074900 ms MarkObjects: 1.423700 ms  DeleteObjects: 0.012200 ms)

========================================================================
Received Prepare
Registering precompiled user dll's ...
Registered in 0.001118 seconds.
Begin MonoManager ReloadAssembly
Native extension for WindowsStandalone target not found
Refreshing native plugins compatible for Editor in 0.42 ms, found 1 plugins.
Preloading 0 native plugins for Editor in 0.00 ms.
Invoked RoslynAnalysisRunner static constructor.
RoslynAnalysisRunner will not be running.
RoslynAnalysisRunner has terminated.
Mono: successfully reloaded assembly
- Completed reload, in  0.735 seconds
Platform modules already initialized, skipping
Refreshing native plugins compatible for Editor in 0.37 ms, found 1 plugins.
Preloading 0 native plugins for Editor in 0.00 ms.
Unloading 2074 Unused Serialized files (Serialized files now loaded: 0)
System memory in use before: 94.3 MB.
System memory in use after: 94.4 MB.

Unloading 7 unused Assets to reduce memory usage. Loaded Objects now: 2539.
Total: 2.450000 ms (FindLiveObjects: 0.205300 ms CreateObjectMapping: 0.087500 ms MarkObjects: 2.132900 ms  DeleteObjects: 0.023000 ms)

========================================================================
Received Import Request.
  Time since last request: 456.805895 seconds.
  path: Assets/Scripts/PlayerController.cs
  artifactKey: Guid(7ff446c224439d844980dd97aa1a6058) Importer(815301076,1909f56bfc062723c751e8b465ee728b)
Start importing Assets/Scripts/PlayerController.cs using Guid(7ff446c224439d844980dd97aa1a6058) Importer(815301076,1909f56bfc062723c751e8b465ee728b)  -> (artifact id: 'e96ce80df773bdb4de6d4242292ce59c') in 0.007544 seconds
  Import took 0.010477 seconds .

========================================================================
Received Prepare
Registering precompiled user dll's ...
Registered in 0.000916 seconds.
Begin MonoManager ReloadAssembly
Native extension for WindowsStandalone target not found
Refreshing native plugins compatible for Editor in 0.34 ms, found 1 plugins.
Preloading 0 native plugins for Editor in 0.00 ms.
Invoked RoslynAnalysisRunner static constructor.
RoslynAnalysisRunner will not be running.
RoslynAnalysisRunner has terminated.
Mono: successfully reloaded assembly
- Completed reload, in  0.824 seconds
Platform modules already initialized, skipping
Refreshing native plugins compatible for Editor in 0.83 ms, found 1 plugins.
Preloading 0 native plugins for Editor in 0.00 ms.
Unloading 2074 Unused Serialized files (Serialized files now loaded: 0)
System memory in use before: 94.4 MB.
System memory in use after: 94.5 MB.

Unloading 7 unused Assets to reduce memory usage. Loaded Objects now: 2542.
Total: 1.708900 ms (FindLiveObjects: 0.191700 ms CreateObjectMapping: 0.068800 ms MarkObjects: 1.430700 ms  DeleteObjects: 0.016600 ms)

========================================================================
Received Import Request.
  Time since last request: 1911.207779 seconds.
  path: Assets/Scripts/PlayerController.cs
  artifactKey: Guid(7ff446c224439d844980dd97aa1a6058) Importer(815301076,1909f56bfc062723c751e8b465ee728b)
Start importing Assets/Scripts/PlayerController.cs using Guid(7ff446c224439d844980dd97aa1a6058) Importer(815301076,1909f56bfc062723c751e8b465ee728b)  -> (artifact id: '5db22183c28e632b618585f744c53bb0') in 0.005926 seconds
  Import took 0.009398 seconds .

========================================================================
Received Prepare
Registering precompiled user dll's ...
Registered in 0.000943 seconds.
Begin MonoManager ReloadAssembly
Native extension for WindowsStandalone target not found
Refreshing native plugins compatible for Editor in 0.34 ms, found 1 plugins.
Preloading 0 native plugins for Editor in 0.00 ms.
Invoked RoslynAnalysisRunner static constructor.
RoslynAnalysisRunner will not be running.
RoslynAnalysisRunner has terminated.
Mono: successfully reloaded assembly
- Completed reload, in  0.712 seconds
Platform modules already initialized, skipping
Refreshing native plugins compatible for Editor in 0.34 ms, found 1 plugins.
Preloading 0 native plugins for Editor in 0.00 ms.
Unloading 2074 Unused Serialized files (Serialized files now loaded: 0)
System memory in use before: 94.5 MB.
System memory in use after: 94.6 MB.

Unloading 7 unused Assets to reduce memory usage. Loaded Objects now: 2545.
Total: 1.907200 ms (FindLiveObjects: 0.217100 ms CreateObjectMapping: 0.081300 ms MarkObjects: 1.594200 ms  DeleteObjects: 0.013700 ms)

========================================================================
Received Import Request.
  Time since last request: 1461.586796 seconds.
  path: Assets/Animations
  artifactKey: Guid(c5703ce8c594ab04d9c230237202c7ed) Importer(815301076,1909f56bfc062723c751e8b465ee728b)
Start importing Assets/Animations using Guid(c5703ce8c594ab04d9c230237202c7ed) Importer(815301076,1909f56bfc062723c751e8b465ee728b)  -> (artifact id: '07a41404558f5e2cc3a5042929f68445') in 0.011136 seconds
  Import took 0.014440 seconds .

========================================================================
Received Import Request.
  Time since last request: 14.409422 seconds.
  path: Assets/Prefabs/AU_Player.prefab
  artifactKey: Guid(807f87c6a8f112744a2f22e327726128) Importer(815301076,1909f56bfc062723c751e8b465ee728b)
Start importing Assets/Prefabs/AU_Player.prefab using Guid(807f87c6a8f112744a2f22e327726128) Importer(815301076,1909f56bfc062723c751e8b465ee728b)  -> (artifact id: '3947e65d662b9dfd6a8d21c5d82dfedb') in 0.108970 seconds
  Import took 0.113155 seconds .

========================================================================
Received Import Request.
  Time since last request: 77.957741 seconds.
  path: Assets/Prefabs/AU_Player.prefab
  artifactKey: Guid(807f87c6a8f112744a2f22e327726128) Importer(815301076,1909f56bfc062723c751e8b465ee728b)
Start importing Assets/Prefabs/AU_Player.prefab using Guid(807f87c6a8f112744a2f22e327726128) Importer(815301076,1909f56bfc062723c751e8b465ee728b) The Animator Controller (AU_Player) you have used is not valid. Animations will not play
UnityEngine.StackTraceUtility:ExtractStackTrace ()
UnityEditor.EditorUtility:Internal_InstantiateRemoveAllNonAnimationComponentsSingle (UnityEngine.Object,UnityEngine.Vector3,UnityEngine.Quaternion)
UnityEditor.EditorUtility:InstantiateRemoveAllNonAnimationComponents (UnityEngine.Object,UnityEngine.Vector3,UnityEngine.Quaternion)
UnityEditor.EditorUtility:InstantiateForAnimatorPreview (UnityEngine.Object)
UnityEditor.GameObjectInspector/PreviewData:UpdateGameObject (UnityEngine.Object)
UnityEditor.GameObjectInspector/PreviewData:.ctor (UnityEngine.Object)
UnityEditor.GameObjectInspector:GetPreviewData ()
UnityEditor.GameObjectInspector:RenderStaticPreview (string,UnityEngine.Object[],int,int)
UnityEditor.AssetPreviewUpdater:CreatePreviewForAsset (UnityEngine.Object,UnityEngine.Object[],string)

[C:\buildslave\unity\build\Modules/Animation/Director/AnimatorControllerPlayable.cpp line 332]

The Animator Controller (AU_Player) you have used is not valid. Animations will not play
UnityEngine.StackTraceUtility:ExtractStackTrace ()
UnityEditor.EditorUtility:InitInstantiatedPreviewRecursive (UnityEngine.GameObject)
UnityEditor.EditorUtility:InstantiateForAnimatorPreview (UnityEngine.Object)
UnityEditor.GameObjectInspector/PreviewData:UpdateGameObject (UnityEngine.Object)
UnityEditor.GameObjectInspector/PreviewData:.ctor (UnityEngine.Object)
UnityEditor.GameObjectInspector:GetPreviewData ()
UnityEditor.GameObjectInspector:RenderStaticPreview (string,UnityEngine.Object[],int,int)
UnityEditor.AssetPreviewUpdater:CreatePreviewForAsset (UnityEngine.Object,UnityEngine.Object[],string)

[C:\buildslave\unity\build\Modules/Animation/Director/AnimatorControllerPlayable.cpp line 332]

 -> (artifact id: 'f7e144ab81b3f1f8d8d49306c8a1b779') in 0.022160 seconds
  Import took 0.026688 seconds .

========================================================================
Received Import Request.
  Time since last request: 358.226274 seconds.
  path: Assets/Sprites/AU_Characters.png
  artifactKey: Guid(5cea042b7f15e2f46876af0b73a6a52b) Importer(815301076,1909f56bfc062723c751e8b465ee728b)
Start importing Assets/Sprites/AU_Characters.png using Guid(5cea042b7f15e2f46876af0b73a6a52b) Importer(815301076,1909f56bfc062723c751e8b465ee728b)  -> (artifact id: '6f5c270bbdb7e063b6045ba4c9961b3a') in 0.104791 seconds
  Import took 0.108616 seconds .

========================================================================
Received Import Request.
  Time since last request: 0.000556 seconds.
  path: Assets/Sprites/AU_Characters.png
  artifactKey: Guid(5cea042b7f15e2f46876af0b73a6a52b) Importer(815301076,1909f56bfc062723c751e8b465ee728b)
Start importing Assets/Sprites/AU_Characters.png using Guid(5cea042b7f15e2f46876af0b73a6a52b) Importer(815301076,1909f56bfc062723c751e8b465ee728b)  -> (artifact id: '6f5c270bbdb7e063b6045ba4c9961b3a') in 0.031366 seconds
  Import took 0.034586 seconds .

========================================================================
Received Import Request.
  Time since last request: 66.000019 seconds.
  path: Assets/Prefabs/AU_Player.prefab
  artifactKey: Guid(807f87c6a8f112744a2f22e327726128) Importer(815301076,1909f56bfc062723c751e8b465ee728b)
Start importing Assets/Prefabs/AU_Player.prefab using Guid(807f87c6a8f112744a2f22e327726128) Importer(815301076,1909f56bfc062723c751e8b465ee728b) The Animator Controller (AU_Player) you have used is not valid. Animations will not play
UnityEngine.StackTraceUtility:ExtractStackTrace ()
UnityEditor.EditorUtility:Internal_InstantiateRemoveAllNonAnimationComponentsSingle (UnityEngine.Object,UnityEngine.Vector3,UnityEngine.Quaternion)
UnityEditor.EditorUtility:InstantiateRemoveAllNonAnimationComponents (UnityEngine.Object,UnityEngine.Vector3,UnityEngine.Quaternion)
UnityEditor.EditorUtility:InstantiateForAnimatorPreview (UnityEngine.Object)
UnityEditor.GameObjectInspector/PreviewData:UpdateGameObject (UnityEngine.Object)
UnityEditor.GameObjectInspector/PreviewData:.ctor (UnityEngine.Object)
UnityEditor.GameObjectInspector:GetPreviewData ()
UnityEditor.GameObjectInspector:RenderStaticPreview (string,UnityEngine.Object[],int,int)
UnityEditor.AssetPreviewUpdater:CreatePreviewForAsset (UnityEngine.Object,UnityEngine.Object[],string)

[C:\buildslave\unity\build\Modules/Animation/Director/AnimatorControllerPlayable.cpp line 332]

The Animator Controller (AU_Player) you have used is not valid. Animations will not play
UnityEngine.StackTraceUtility:ExtractStackTrace ()
UnityEditor.EditorUtility:InitInstantiatedPreviewRecursive (UnityEngine.GameObject)
UnityEditor.EditorUtility:InstantiateForAnimatorPreview (UnityEngine.Object)
UnityEditor.GameObjectInspector/PreviewData:UpdateGameObject (UnityEngine.Object)
UnityEditor.GameObjectInspector/PreviewData:.ctor (UnityEngine.Object)
UnityEditor.GameObjectInspector:GetPreviewData ()
UnityEditor.GameObjectInspector:RenderStaticPreview (string,UnityEngine.Object[],int,int)
UnityEditor.AssetPreviewUpdater:CreatePreviewForAsset (UnityEngine.Object,UnityEngine.Object[],string)

[C:\buildslave\unity\build\Modules/Animation/Director/AnimatorControllerPlayable.cpp line 332]

 -> (artifact id: '034cad25edc2cd309266fa4c9c6b9348') in 0.013934 seconds
  Import took 0.017487 seconds .

========================================================================
Received Import Request.
  Time since last request: 125.452876 seconds.
  path: Assets/Sprites/AU_CharacterParts.png
  artifactKey: Guid(7d7e8e4e516213a4bb02c38666e1db36) Importer(815301076,1909f56bfc062723c751e8b465ee728b)
Start importing Assets/Sprites/AU_CharacterParts.png using Guid(7d7e8e4e516213a4bb02c38666e1db36) Importer(815301076,1909f56bfc062723c751e8b465ee728b)  -> (artifact id: '46dbd3e3bcc76812d4aa8fe47f1d8a39') in 0.048161 seconds
  Import took 0.051950 seconds .

========================================================================
Received Prepare
Registering precompiled user dll's ...
Registered in 0.001017 seconds.
Begin MonoManager ReloadAssembly
Native extension for WindowsStandalone target not found
Refreshing native plugins compatible for Editor in 0.37 ms, found 1 plugins.
Preloading 0 native plugins for Editor in 0.00 ms.
Invoked RoslynAnalysisRunner static constructor.
RoslynAnalysisRunner will not be running.
RoslynAnalysisRunner has terminated.
Mono: successfully reloaded assembly
- Completed reload, in  0.775 seconds
Platform modules already initialized, skipping
Refreshing native plugins compatible for Editor in 0.38 ms, found 1 plugins.
Preloading 0 native plugins for Editor in 0.00 ms.
Unloading 2074 Unused Serialized files (Serialized files now loaded: 0)
System memory in use before: 97.7 MB.
System memory in use after: 97.8 MB.

Unloading 7 unused Assets to reduce memory usage. Loaded Objects now: 2557.
Total: 1.787700 ms (FindLiveObjects: 0.220100 ms CreateObjectMapping: 0.087000 ms MarkObjects: 1.456900 ms  DeleteObjects: 0.022900 ms)

========================================================================
Received Prepare
Registering precompiled user dll's ...
Registered in 0.001234 seconds.
Begin MonoManager ReloadAssembly
Native extension for WindowsStandalone target not found
Refreshing native plugins compatible for Editor in 0.34 ms, found 1 plugins.
Preloading 0 native plugins for Editor in 0.00 ms.
Invoked RoslynAnalysisRunner static constructor.
RoslynAnalysisRunner will not be running.
RoslynAnalysisRunner has terminated.
Mono: successfully reloaded assembly
- Completed reload, in  0.740 seconds
Platform modules already initialized, skipping
Refreshing native plugins compatible for Editor in 0.36 ms, found 1 plugins.
Preloading 0 native plugins for Editor in 0.00 ms.
Unloading 2074 Unused Serialized files (Serialized files now loaded: 0)
System memory in use before: 97.8 MB.
System memory in use after: 97.9 MB.

Unloading 7 unused Assets to reduce memory usage. Loaded Objects now: 2560.
Total: 1.679700 ms (FindLiveObjects: 0.193700 ms CreateObjectMapping: 0.069500 ms MarkObjects: 1.402900 ms  DeleteObjects: 0.012500 ms)

========================================================================
Received Prepare
Registering precompiled user dll's ...
Registered in 0.000875 seconds.
Begin MonoManager ReloadAssembly
Native extension for WindowsStandalone target not found
Refreshing native plugins compatible for Editor in 0.34 ms, found 1 plugins.
Preloading 0 native plugins for Editor in 0.00 ms.
Invoked RoslynAnalysisRunner static constructor.
RoslynAnalysisRunner will not be running.
RoslynAnalysisRunner has terminated.
Mono: successfully reloaded assembly
- Completed reload, in  0.719 seconds
Platform modules already initialized, skipping
Refreshing native plugins compatible for Editor in 0.34 ms, found 1 plugins.
Preloading 0 native plugins for Editor in 0.00 ms.
Unloading 2074 Unused Serialized files (Serialized files now loaded: 0)
System memory in use before: 97.9 MB.
System memory in use after: 98.0 MB.

Unloading 7 unused Assets to reduce memory usage. Loaded Objects now: 2563.
Total: 2.111800 ms (FindLiveObjects: 0.272000 ms CreateObjectMapping: 0.094800 ms MarkObjects: 1.725000 ms  DeleteObjects: 0.018700 ms)

========================================================================
Received Import Request.
  Time since last request: 1277.937265 seconds.
  path: Assets/Scenes/SampleScene.unity
  artifactKey: Guid(2cda990e2423bbf4892e6590ba056729) Importer(815301076,1909f56bfc062723c751e8b465ee728b)
Start importing Assets/Scenes/SampleScene.unity using Guid(2cda990e2423bbf4892e6590ba056729) Importer(815301076,1909f56bfc062723c751e8b465ee728b)  -> (artifact id: 'fd222c1e74b762df54f4a8b55865d211') in 0.017218 seconds
  Import took 0.020532 seconds .

========================================================================
Received Import Request.
  Time since last request: 26.614431 seconds.
  path: Assets/Scenes
  artifactKey: Guid(0bbdc899748762c47a820f5aab8b3303) Importer(815301076,1909f56bfc062723c751e8b465ee728b)
Start importing Assets/Scenes using Guid(0bbdc899748762c47a820f5aab8b3303) Importer(815301076,1909f56bfc062723c751e8b465ee728b)  -> (artifact id: '5c07a8170ce0d15157739103076d5c89') in 0.010968 seconds
  Import took 0.014607 seconds .

========================================================================
Received Import Request.
  Time since last request: 11.454315 seconds.
  path: Assets/Scenes/WaitingRoom.unity
  artifactKey: Guid(64abed01391228547b25177886501ea0) Importer(815301076,1909f56bfc062723c751e8b465ee728b)
Start importing Assets/Scenes/WaitingRoom.unity using Guid(64abed01391228547b25177886501ea0) Importer(815301076,1909f56bfc062723c751e8b465ee728b)  -> (artifact id: 'f7b31b473103d7fd485e6cd7a6b4f4fe') in 0.008029 seconds
  Import took 0.011081 seconds .

========================================================================
Received Prepare
Registering precompiled user dll's ...
Registered in 0.000905 seconds.
Begin MonoManager ReloadAssembly
Native extension for WindowsStandalone target not found
Refreshing native plugins compatible for Editor in 0.35 ms, found 1 plugins.
Preloading 0 native plugins for Editor in 0.00 ms.
Invoked RoslynAnalysisRunner static constructor.
RoslynAnalysisRunner will not be running.
RoslynAnalysisRunner has terminated.
Mono: successfully reloaded assembly
- Completed reload, in  0.776 seconds
Platform modules already initialized, skipping
Refreshing native plugins compatible for Editor in 0.35 ms, found 1 plugins.
Preloading 0 native plugins for Editor in 0.00 ms.
Unloading 2074 Unused Serialized files (Serialized files now loaded: 0)
System memory in use before: 98.0 MB.
System memory in use after: 98.1 MB.

Unloading 7 unused Assets to reduce memory usage. Loaded Objects now: 2566.
Total: 2.456400 ms (FindLiveObjects: 0.270900 ms CreateObjectMapping: 0.081800 ms MarkObjects: 2.083800 ms  DeleteObjects: 0.018800 ms)

========================================================================
Received Prepare
Registering precompiled user dll's ...
Registered in 0.000984 seconds.
Begin MonoManager ReloadAssembly
Native extension for WindowsStandalone target not found
Refreshing native plugins compatible for Editor in 0.35 ms, found 1 plugins.
Preloading 0 native plugins for Editor in 0.00 ms.
Invoked RoslynAnalysisRunner static constructor.
RoslynAnalysisRunner will not be running.
RoslynAnalysisRunner has terminated.
Mono: successfully reloaded assembly
- Completed reload, in  0.717 seconds
Platform modules already initialized, skipping
Refreshing native plugins compatible for Editor in 0.36 ms, found 1 plugins.
Preloading 0 native plugins for Editor in 0.00 ms.
Unloading 2074 Unused Serialized files (Serialized files now loaded: 0)
System memory in use before: 98.1 MB.
System memory in use after: 98.2 MB.

Unloading 7 unused Assets to reduce memory usage. Loaded Objects now: 2569.
Total: 2.007200 ms (FindLiveObjects: 0.208400 ms CreateObjectMapping: 0.072600 ms MarkObjects: 1.709100 ms  DeleteObjects: 0.015600 ms)

========================================================================
Received Import Request.
  Time since last request: 31.348552 seconds.
  path: Assets/Prefabs/AU_Player.prefab
  artifactKey: Guid(807f87c6a8f112744a2f22e327726128) Importer(815301076,1909f56bfc062723c751e8b465ee728b)
Start importing Assets/Prefabs/AU_Player.prefab using Guid(807f87c6a8f112744a2f22e327726128) Importer(815301076,1909f56bfc062723c751e8b465ee728b)  -> (artifact id: 'f25558d7ae1fff380042d83baf60934e') in 0.047176 seconds
  Import took 0.050387 seconds .

========================================================================
Received Prepare
Registering precompiled user dll's ...
Registered in 0.000869 seconds.
Begin MonoManager ReloadAssembly
Native extension for WindowsStandalone target not found
Refreshing native plugins compatible for Editor in 0.37 ms, found 1 plugins.
Preloading 0 native plugins for Editor in 0.00 ms.
Invoked RoslynAnalysisRunner static constructor.
RoslynAnalysisRunner will not be running.
RoslynAnalysisRunner has terminated.
Mono: successfully reloaded assembly
- Completed reload, in  0.701 seconds
Platform modules already initialized, skipping
Refreshing native plugins compatible for Editor in 0.42 ms, found 1 plugins.
Preloading 0 native plugins for Editor in 0.00 ms.
Unloading 2074 Unused Serialized files (Serialized files now loaded: 0)
System memory in use before: 98.2 MB.
System memory in use after: 98.3 MB.

Unloading 7 unused Assets to reduce memory usage. Loaded Objects now: 2573.
Total: 1.708200 ms (FindLiveObjects: 0.198500 ms CreateObjectMapping: 0.076600 ms MarkObjects: 1.419700 ms  DeleteObjects: 0.012200 ms)

========================================================================
Received Import Request.
  Time since last request: 114.251917 seconds.
  path: Assets/Prefabs/AU_Player.prefab
  artifactKey: Guid(807f87c6a8f112744a2f22e327726128) Importer(815301076,1909f56bfc062723c751e8b465ee728b)
Start importing Assets/Prefabs/AU_Player.prefab using Guid(807f87c6a8f112744a2f22e327726128) Importer(815301076,1909f56bfc062723c751e8b465ee728b)  -> (artifact id: '1ed5d74557221bf7da81b421c2d88b6c') in 0.050212 seconds
  Import took 0.054460 seconds .

========================================================================
Received Prepare
Registering precompiled user dll's ...
Registered in 0.000888 seconds.
Begin MonoManager ReloadAssembly
Native extension for WindowsStandalone target not found
Refreshing native plugins compatible for Editor in 0.38 ms, found 1 plugins.
Preloading 0 native plugins for Editor in 0.00 ms.
Invoked RoslynAnalysisRunner static constructor.
RoslynAnalysisRunner will not be running.
RoslynAnalysisRunner has terminated.
Mono: successfully reloaded assembly
- Completed reload, in  0.702 seconds
Platform modules already initialized, skipping
Refreshing native plugins compatible for Editor in 0.34 ms, found 1 plugins.
Preloading 0 native plugins for Editor in 0.00 ms.
Unloading 2074 Unused Serialized files (Serialized files now loaded: 0)
System memory in use before: 98.2 MB.
System memory in use after: 98.3 MB.

Unloading 7 unused Assets to reduce memory usage. Loaded Objects now: 2577.
Total: 1.741900 ms (FindLiveObjects: 0.213800 ms CreateObjectMapping: 0.083300 ms MarkObjects: 1.431900 ms  DeleteObjects: 0.012100 ms)

========================================================================
Received Import Request.
  Time since last request: 917.299618 seconds.
  path: Assets/Scripts/CharacterCustomization.cs
  artifactKey: Guid(64050d446e6187f4bb0a11fdb378b3f1) Importer(815301076,1909f56bfc062723c751e8b465ee728b)
Start importing Assets/Scripts/CharacterCustomization.cs using Guid(64050d446e6187f4bb0a11fdb378b3f1) Importer(815301076,1909f56bfc062723c751e8b465ee728b)  -> (artifact id: 'f6483dc2229067255b90a7fe33de30f7') in 0.013811 seconds
  Import took 0.017393 seconds .

========================================================================
Received Prepare
Registering precompiled user dll's ...
Registered in 0.000958 seconds.
Begin MonoManager ReloadAssembly
Native extension for WindowsStandalone target not found
Refreshing native plugins compatible for Editor in 0.37 ms, found 1 plugins.
Preloading 0 native plugins for Editor in 0.00 ms.
Invoked RoslynAnalysisRunner static constructor.
RoslynAnalysisRunner will not be running.
RoslynAnalysisRunner has terminated.
Mono: successfully reloaded assembly
- Completed reload, in  0.803 seconds
Platform modules already initialized, skipping
Refreshing native plugins compatible for Editor in 0.35 ms, found 1 plugins.
Preloading 0 native plugins for Editor in 0.00 ms.
Unloading 2075 Unused Serialized files (Serialized files now loaded: 0)
System memory in use before: 98.4 MB.
System memory in use after: 98.5 MB.

Unloading 7 unused Assets to reduce memory usage. Loaded Objects now: 2581.
Total: 1.786600 ms (FindLiveObjects: 0.243500 ms CreateObjectMapping: 0.088800 ms MarkObjects: 1.436100 ms  DeleteObjects: 0.017400 ms)

========================================================================
Received Import Request.
  Time since last request: 659.315753 seconds.
  path: Assets/Scripts/CharacterCustomization.cs
  artifactKey: Guid(64050d446e6187f4bb0a11fdb378b3f1) Importer(815301076,1909f56bfc062723c751e8b465ee728b)
Start importing Assets/Scripts/CharacterCustomization.cs using Guid(64050d446e6187f4bb0a11fdb378b3f1) Importer(815301076,1909f56bfc062723c751e8b465ee728b)  -> (artifact id: '32fdd9a5d4fdd2231ff946b45754f08a') in 0.012719 seconds
  Import took 0.015914 seconds .

========================================================================
Received Import Request.
  Time since last request: 65.256171 seconds.
  path: Assets/Scripts/PlayerController.cs
  artifactKey: Guid(7ff446c224439d844980dd97aa1a6058) Importer(815301076,1909f56bfc062723c751e8b465ee728b)
Start importing Assets/Scripts/PlayerController.cs using Guid(7ff446c224439d844980dd97aa1a6058) Importer(815301076,1909f56bfc062723c751e8b465ee728b)  -> (artifact id: '6b49a0df99b978aa2fab8b386d878906') in 0.011091 seconds
  Import took 0.014439 seconds .

========================================================================
Received Import Request.
  Time since last request: 0.013157 seconds.
  path: Assets/Scripts/PlayerController.cs
  artifactKey: Guid(7ff446c224439d844980dd97aa1a6058) Importer(815301076,1909f56bfc062723c751e8b465ee728b)
Start importing Assets/Scripts/PlayerController.cs using Guid(7ff446c224439d844980dd97aa1a6058) Importer(815301076,1909f56bfc062723c751e8b465ee728b)  -> (artifact id: '6b49a0df99b978aa2fab8b386d878906') in 0.005076 seconds
  Import took 0.020107 seconds .

========================================================================
Received Prepare
Registering precompiled user dll's ...
Registered in 0.000906 seconds.
Begin MonoManager ReloadAssembly
Native extension for WindowsStandalone target not found
Refreshing native plugins compatible for Editor in 0.34 ms, found 1 plugins.
Preloading 0 native plugins for Editor in 0.00 ms.
Invoked RoslynAnalysisRunner static constructor.
RoslynAnalysisRunner will not be running.
RoslynAnalysisRunner has terminated.
Mono: successfully reloaded assembly
- Completed reload, in  0.764 seconds
Platform modules already initialized, skipping
Refreshing native plugins compatible for Editor in 0.40 ms, found 1 plugins.
Preloading 0 native plugins for Editor in 0.00 ms.
Unloading 2075 Unused Serialized files (Serialized files now loaded: 0)
System memory in use before: 98.5 MB.
System memory in use after: 98.6 MB.

Unloading 7 unused Assets to reduce memory usage. Loaded Objects now: 2584.
Total: 1.703900 ms (FindLiveObjects: 0.197900 ms CreateObjectMapping: 0.073500 ms MarkObjects: 1.419300 ms  DeleteObjects: 0.012500 ms)

========================================================================
Received Prepare
Registering precompiled user dll's ...
Registered in 0.000899 seconds.
Begin MonoManager ReloadAssembly
Native extension for WindowsStandalone target not found
Refreshing native plugins compatible for Editor in 0.36 ms, found 1 plugins.
Preloading 0 native plugins for Editor in 0.00 ms.
Invoked RoslynAnalysisRunner static constructor.
RoslynAnalysisRunner will not be running.
RoslynAnalysisRunner has terminated.
Mono: successfully reloaded assembly
- Completed reload, in  0.757 seconds
Platform modules already initialized, skipping
Refreshing native plugins compatible for Editor in 0.35 ms, found 1 plugins.
Preloading 0 native plugins for Editor in 0.00 ms.
Unloading 2075 Unused Serialized files (Serialized files now loaded: 0)
System memory in use before: 98.6 MB.
System memory in use after: 98.7 MB.

Unloading 7 unused Assets to reduce memory usage. Loaded Objects now: 2587.
Total: 1.749600 ms (FindLiveObjects: 0.195700 ms CreateObjectMapping: 0.068100 ms MarkObjects: 1.471000 ms  DeleteObjects: 0.013800 ms)

========================================================================
Received Prepare
Registering precompiled user dll's ...
Registered in 0.000914 seconds.
Begin MonoManager ReloadAssembly
Native extension for WindowsStandalone target not found
Refreshing native plugins compatible for Editor in 0.45 ms, found 1 plugins.
Preloading 0 native plugins for Editor in 0.00 ms.
Invoked RoslynAnalysisRunner static constructor.
RoslynAnalysisRunner will not be running.
RoslynAnalysisRunner has terminated.
Mono: successfully reloaded assembly
- Completed reload, in  0.810 seconds
Platform modules already initialized, skipping
Refreshing native plugins compatible for Editor in 0.34 ms, found 1 plugins.
Preloading 0 native plugins for Editor in 0.00 ms.
Unloading 2075 Unused Serialized files (Serialized files now loaded: 0)
System memory in use before: 98.7 MB.
System memory in use after: 98.8 MB.

Unloading 7 unused Assets to reduce memory usage. Loaded Objects now: 2590.
Total: 1.654400 ms (FindLiveObjects: 0.187000 ms CreateObjectMapping: 0.064900 ms MarkObjects: 1.389000 ms  DeleteObjects: 0.012500 ms)

========================================================================
Received Prepare
Registering precompiled user dll's ...
Registered in 0.000910 seconds.
Begin MonoManager ReloadAssembly
Native extension for WindowsStandalone target not found
Refreshing native plugins compatible for Editor in 0.36 ms, found 1 plugins.
Preloading 0 native plugins for Editor in 0.00 ms.
Invoked RoslynAnalysisRunner static constructor.
RoslynAnalysisRunner will not be running.
RoslynAnalysisRunner has terminated.
Mono: successfully reloaded assembly
- Completed reload, in  0.694 seconds
Platform modules already initialized, skipping
Refreshing native plugins compatible for Editor in 0.34 ms, found 1 plugins.
Preloading 0 native plugins for Editor in 0.00 ms.
Unloading 2075 Unused Serialized files (Serialized files now loaded: 0)
System memory in use before: 98.7 MB.
System memory in use after: 98.9 MB.

Unloading 7 unused Assets to reduce memory usage. Loaded Objects now: 2593.
Total: 1.711600 ms (FindLiveObjects: 0.197100 ms CreateObjectMapping: 0.076100 ms MarkObjects: 1.424500 ms  DeleteObjects: 0.013000 ms)

========================================================================
Received Prepare
Registering precompiled user dll's ...
Registered in 0.000948 seconds.
Begin MonoManager ReloadAssembly
Native extension for WindowsStandalone target not found
Refreshing native plugins compatible for Editor in 0.39 ms, found 1 plugins.
Preloading 0 native plugins for Editor in 0.00 ms.
Invoked RoslynAnalysisRunner static constructor.
RoslynAnalysisRunner will not be running.
RoslynAnalysisRunner has terminated.
Mono: successfully reloaded assembly
- Completed reload, in  0.758 seconds
Platform modules already initialized, skipping
Refreshing native plugins compatible for Editor in 0.39 ms, found 1 plugins.
Preloading 0 native plugins for Editor in 0.00 ms.
Unloading 2075 Unused Serialized files (Serialized files now loaded: 0)
System memory in use before: 98.8 MB.
System memory in use after: 99.0 MB.

Unloading 7 unused Assets to reduce memory usage. Loaded Objects now: 2596.
Total: 2.353700 ms (FindLiveObjects: 0.241500 ms CreateObjectMapping: 0.107100 ms MarkObjects: 1.980700 ms  DeleteObjects: 0.023200 ms)

========================================================================
Received Prepare
Registering precompiled user dll's ...
Registered in 0.000918 seconds.
Begin MonoManager ReloadAssembly
Native extension for WindowsStandalone target not found
Refreshing native plugins compatible for Editor in 0.35 ms, found 1 plugins.
Preloading 0 native plugins for Editor in 0.00 ms.
Invoked RoslynAnalysisRunner static constructor.
RoslynAnalysisRunner will not be running.
RoslynAnalysisRunner has terminated.
Mono: successfully reloaded assembly
- Completed reload, in  0.751 seconds
Platform modules already initialized, skipping
Refreshing native plugins compatible for Editor in 0.34 ms, found 1 plugins.
Preloading 0 native plugins for Editor in 0.00 ms.
Unloading 2075 Unused Serialized files (Serialized files now loaded: 0)
System memory in use before: 98.9 MB.
System memory in use after: 99.0 MB.

Unloading 7 unused Assets to reduce memory usage. Loaded Objects now: 2599.
Total: 1.694500 ms (FindLiveObjects: 0.197300 ms CreateObjectMapping: 0.071000 ms MarkObjects: 1.411400 ms  DeleteObjects: 0.013800 ms)

========================================================================
Received Import Request.
  Time since last request: 567.021776 seconds.
  path: Assets/Scripts/PlayerController.cs
  artifactKey: Guid(7ff446c224439d844980dd97aa1a6058) Importer(815301076,1909f56bfc062723c751e8b465ee728b)
Start importing Assets/Scripts/PlayerController.cs using Guid(7ff446c224439d844980dd97aa1a6058) Importer(815301076,1909f56bfc062723c751e8b465ee728b)  -> (artifact id: '8f1147a7adc553c85f647e0cb901cd5f') in 0.012215 seconds
  Import took 0.015479 seconds .

========================================================================
Received Import Request.
  Time since last request: 2.864776 seconds.
  path: Assets/Scenes/SampleScene.unity
  artifactKey: Guid(2cda990e2423bbf4892e6590ba056729) Importer(815301076,1909f56bfc062723c751e8b465ee728b)
Start importing Assets/Scenes/SampleScene.unity using Guid(2cda990e2423bbf4892e6590ba056729) Importer(815301076,1909f56bfc062723c751e8b465ee728b)  -> (artifact id: 'c54ee17d1701754acb316f6b869c3de2') in 0.014932 seconds
  Import took 0.017780 seconds .

========================================================================
Received Import Request.
  Time since last request: 0.593276 seconds.
  path: Assets/Scenes/WaitingRoom.unity
  artifactKey: Guid(64abed01391228547b25177886501ea0) Importer(815301076,1909f56bfc062723c751e8b465ee728b)
Start importing Assets/Scenes/WaitingRoom.unity using Guid(64abed01391228547b25177886501ea0) Importer(815301076,1909f56bfc062723c751e8b465ee728b)  -> (artifact id: '9065cf48fed2d1bf8ea2ea483a7bf961') in 0.008684 seconds
  Import took 0.011482 seconds .

========================================================================
Received Prepare
Registering precompiled user dll's ...
Registered in 0.001004 seconds.
Begin MonoManager ReloadAssembly
Native extension for WindowsStandalone target not found
Refreshing native plugins compatible for Editor in 0.36 ms, found 1 plugins.
Preloading 0 native plugins for Editor in 0.00 ms.
Invoked RoslynAnalysisRunner static constructor.
RoslynAnalysisRunner will not be running.
RoslynAnalysisRunner has terminated.
Mono: successfully reloaded assembly
- Completed reload, in  0.815 seconds
Platform modules already initialized, skipping
Refreshing native plugins compatible for Editor in 0.72 ms, found 1 plugins.
Preloading 0 native plugins for Editor in 0.00 ms.
Unloading 2075 Unused Serialized files (Serialized files now loaded: 0)
System memory in use before: 99.0 MB.
System memory in use after: 99.1 MB.

Unloading 7 unused Assets to reduce memory usage. Loaded Objects now: 2602.
Total: 1.675500 ms (FindLiveObjects: 0.202800 ms CreateObjectMapping: 0.072200 ms MarkObjects: 1.386100 ms  DeleteObjects: 0.013300 ms)

========================================================================
Received Import Request.
  Time since last request: 463.466219 seconds.
  path: Assets/Prefabs/AU_Player.prefab
  artifactKey: Guid(807f87c6a8f112744a2f22e327726128) Importer(815301076,1909f56bfc062723c751e8b465ee728b)
Start importing Assets/Prefabs/AU_Player.prefab using Guid(807f87c6a8f112744a2f22e327726128) Importer(815301076,1909f56bfc062723c751e8b465ee728b)  -> (artifact id: '1cf4976e4ecbaf608c9e2c26792943da') in 0.095015 seconds
  Import took 0.099126 seconds .

========================================================================
Received Prepare
Registering precompiled user dll's ...
Registered in 0.001028 seconds.
Begin MonoManager ReloadAssembly
Native extension for WindowsStandalone target not found
Refreshing native plugins compatible for Editor in 0.38 ms, found 1 plugins.
Preloading 0 native plugins for Editor in 0.00 ms.
Invoked RoslynAnalysisRunner static constructor.
RoslynAnalysisRunner will not be running.
RoslynAnalysisRunner has terminated.
Mono: successfully reloaded assembly
- Completed reload, in  0.734 seconds
Platform modules already initialized, skipping
Refreshing native plugins compatible for Editor in 0.44 ms, found 1 plugins.
Preloading 0 native plugins for Editor in 0.00 ms.
Unloading 2075 Unused Serialized files (Serialized files now loaded: 0)
System memory in use before: 99.1 MB.
System memory in use after: 99.2 MB.

Unloading 7 unused Assets to reduce memory usage. Loaded Objects now: 2606.
Total: 1.790500 ms (FindLiveObjects: 0.211200 ms CreateObjectMapping: 0.075100 ms MarkObjects: 1.489000 ms  DeleteObjects: 0.014100 ms)

========================================================================
Received Import Request.
  Time since last request: 33.566057 seconds.
  path: Assets/Scenes/WaitingRoom.unity
  artifactKey: Guid(64abed01391228547b25177886501ea0) Importer(815301076,1909f56bfc062723c751e8b465ee728b)
Start importing Assets/Scenes/WaitingRoom.unity using Guid(64abed01391228547b25177886501ea0) Importer(815301076,1909f56bfc062723c751e8b465ee728b)  -> (artifact id: 'b79c16038cfe9c2a70a2311aee4558c5') in 0.018679 seconds
  Import took 0.023220 seconds .

========================================================================
Received Prepare
Registering precompiled user dll's ...
Registered in 0.001578 seconds.
Begin MonoManager ReloadAssembly
Native extension for WindowsStandalone target not found
Refreshing native plugins compatible for Editor in 0.35 ms, found 1 plugins.
Preloading 0 native plugins for Editor in 0.00 ms.
Invoked RoslynAnalysisRunner static constructor.
RoslynAnalysisRunner will not be running.
RoslynAnalysisRunner has terminated.
Mono: successfully reloaded assembly
- Completed reload, in  0.722 seconds
Platform modules already initialized, skipping
Refreshing native plugins compatible for Editor in 0.40 ms, found 1 plugins.
Preloading 0 native plugins for Editor in 0.00 ms.
Unloading 2075 Unused Serialized files (Serialized files now loaded: 0)
System memory in use before: 99.2 MB.
System memory in use after: 99.3 MB.

Unloading 7 unused Assets to reduce memory usage. Loaded Objects now: 2609.
Total: 1.838000 ms (FindLiveObjects: 0.235000 ms CreateObjectMapping: 0.103600 ms MarkObjects: 1.483600 ms  DeleteObjects: 0.014900 ms)

========================================================================
Received Prepare
Registering precompiled user dll's ...
Registered in 0.000921 seconds.
Begin MonoManager ReloadAssembly
Native extension for WindowsStandalone target not found
Refreshing native plugins compatible for Editor in 0.39 ms, found 1 plugins.
Preloading 0 native plugins for Editor in 0.00 ms.
Invoked RoslynAnalysisRunner static constructor.
RoslynAnalysisRunner will not be running.
RoslynAnalysisRunner has terminated.
Mono: successfully reloaded assembly
- Completed reload, in  0.742 seconds
Platform modules already initialized, skipping
Refreshing native plugins compatible for Editor in 0.34 ms, found 1 plugins.
Preloading 0 native plugins for Editor in 0.00 ms.
Unloading 2075 Unused Serialized files (Serialized files now loaded: 0)
System memory in use before: 99.3 MB.
System memory in use after: 99.4 MB.

Unloading 7 unused Assets to reduce memory usage. Loaded Objects now: 2612.
Total: 1.809900 ms (FindLiveObjects: 0.205900 ms CreateObjectMapping: 0.078400 ms MarkObjects: 1.512900 ms  DeleteObjects: 0.012000 ms)

========================================================================
Received Prepare
Registering precompiled user dll's ...
Registered in 0.000882 seconds.
Begin MonoManager ReloadAssembly
Native extension for WindowsStandalone target not found
Refreshing native plugins compatible for Editor in 0.34 ms, found 1 plugins.
Preloading 0 native plugins for Editor in 0.00 ms.
Invoked RoslynAnalysisRunner static constructor.
RoslynAnalysisRunner will not be running.
RoslynAnalysisRunner has terminated.
Mono: successfully reloaded assembly
- Completed reload, in  0.730 seconds
Platform modules already initialized, skipping
Refreshing native plugins compatible for Editor in 0.34 ms, found 1 plugins.
Preloading 0 native plugins for Editor in 0.00 ms.
Unloading 2075 Unused Serialized files (Serialized files now loaded: 0)
System memory in use before: 99.4 MB.
System memory in use after: 99.5 MB.

Unloading 7 unused Assets to reduce memory usage. Loaded Objects now: 2615.
Total: 1.927600 ms (FindLiveObjects: 0.284400 ms CreateObjectMapping: 0.070600 ms MarkObjects: 1.553200 ms  DeleteObjects: 0.018200 ms)

========================================================================
Received Prepare
Registering precompiled user dll's ...
Registered in 0.000932 seconds.
Begin MonoManager ReloadAssembly
Native extension for WindowsStandalone target not found
Refreshing native plugins compatible for Editor in 0.36 ms, found 1 plugins.
Preloading 0 native plugins for Editor in 0.00 ms.
Invoked RoslynAnalysisRunner static constructor.
RoslynAnalysisRunner will not be running.
RoslynAnalysisRunner has terminated.
Mono: successfully reloaded assembly
- Completed reload, in  0.760 seconds
Platform modules already initialized, skipping
Refreshing native plugins compatible for Editor in 0.36 ms, found 1 plugins.
Preloading 0 native plugins for Editor in 0.00 ms.
Unloading 2075 Unused Serialized files (Serialized files now loaded: 0)
System memory in use before: 98.5 MB.
System memory in use after: 98.6 MB.

Unloading 7 unused Assets to reduce memory usage. Loaded Objects now: 2618.
Total: 1.674400 ms (FindLiveObjects: 0.196700 ms CreateObjectMapping: 0.069600 ms MarkObjects: 1.393700 ms  DeleteObjects: 0.013400 ms)

========================================================================
Received Prepare
Registering precompiled user dll's ...
Registered in 0.000892 seconds.
Begin MonoManager ReloadAssembly
Native extension for WindowsStandalone target not found
Refreshing native plugins compatible for Editor in 0.34 ms, found 1 plugins.
Preloading 0 native plugins for Editor in 0.00 ms.
Invoked RoslynAnalysisRunner static constructor.
RoslynAnalysisRunner will not be running.
RoslynAnalysisRunner has terminated.
Mono: successfully reloaded assembly
- Completed reload, in  0.740 seconds
Platform modules already initialized, skipping
Refreshing native plugins compatible for Editor in 0.39 ms, found 1 plugins.
Preloading 0 native plugins for Editor in 0.00 ms.
Unloading 2075 Unused Serialized files (Serialized files now loaded: 0)
System memory in use before: 98.6 MB.
System memory in use after: 98.7 MB.

Unloading 7 unused Assets to reduce memory usage. Loaded Objects now: 2621.
Total: 1.681100 ms (FindLiveObjects: 0.201600 ms CreateObjectMapping: 0.074000 ms MarkObjects: 1.391200 ms  DeleteObjects: 0.012500 ms)

========================================================================
Received Prepare
Registering precompiled user dll's ...
Registered in 0.000902 seconds.
Begin MonoManager ReloadAssembly
Native extension for WindowsStandalone target not found
Refreshing native plugins compatible for Editor in 0.34 ms, found 1 plugins.
Preloading 0 native plugins for Editor in 0.00 ms.
Invoked RoslynAnalysisRunner static constructor.
RoslynAnalysisRunner will not be running.
RoslynAnalysisRunner has terminated.
Mono: successfully reloaded assembly
- Completed reload, in  0.719 seconds
Platform modules already initialized, skipping
Refreshing native plugins compatible for Editor in 0.38 ms, found 1 plugins.
Preloading 0 native plugins for Editor in 0.00 ms.
Unloading 2075 Unused Serialized files (Serialized files now loaded: 0)
System memory in use before: 98.7 MB.
System memory in use after: 98.8 MB.

Unloading 7 unused Assets to reduce memory usage. Loaded Objects now: 2624.
Total: 1.748000 ms (FindLiveObjects: 0.200400 ms CreateObjectMapping: 0.071200 ms MarkObjects: 1.463300 ms  DeleteObjects: 0.012500 ms)

========================================================================
Received Prepare
Registering precompiled user dll's ...
Registered in 0.000873 seconds.
Begin MonoManager ReloadAssembly
Native extension for WindowsStandalone target not found
Refreshing native plugins compatible for Editor in 0.34 ms, found 1 plugins.
Preloading 0 native plugins for Editor in 0.00 ms.
Invoked RoslynAnalysisRunner static constructor.
RoslynAnalysisRunner will not be running.
RoslynAnalysisRunner has terminated.
Mono: successfully reloaded assembly
- Completed reload, in  0.802 seconds
Platform modules already initialized, skipping
Refreshing native plugins compatible for Editor in 0.37 ms, found 1 plugins.
Preloading 0 native plugins for Editor in 0.00 ms.
Unloading 2075 Unused Serialized files (Serialized files now loaded: 0)
System memory in use before: 98.7 MB.
System memory in use after: 98.9 MB.

Unloading 7 unused Assets to reduce memory usage. Loaded Objects now: 2627.
Total: 2.001600 ms (FindLiveObjects: 0.356800 ms CreateObjectMapping: 0.114000 ms MarkObjects: 1.516900 ms  DeleteObjects: 0.012800 ms)

========================================================================
Received Prepare
Registering precompiled user dll's ...
Registered in 0.000925 seconds.
Begin MonoManager ReloadAssembly
Native extension for WindowsStandalone target not found
Refreshing native plugins compatible for Editor in 0.34 ms, found 1 plugins.
Preloading 0 native plugins for Editor in 0.00 ms.
Invoked RoslynAnalysisRunner static constructor.
RoslynAnalysisRunner will not be running.
RoslynAnalysisRunner has terminated.
Mono: successfully reloaded assembly
- Completed reload, in  0.737 seconds
Platform modules already initialized, skipping
Refreshing native plugins compatible for Editor in 0.34 ms, found 1 plugins.
Preloading 0 native plugins for Editor in 0.00 ms.
Unloading 2075 Unused Serialized files (Serialized files now loaded: 0)
System memory in use before: 98.8 MB.
System memory in use after: 98.9 MB.

Unloading 7 unused Assets to reduce memory usage. Loaded Objects now: 2630.
Total: 1.786500 ms (FindLiveObjects: 0.202900 ms CreateObjectMapping: 0.069300 ms MarkObjects: 1.500200 ms  DeleteObjects: 0.013100 ms)

========================================================================
Received Prepare
Registering precompiled user dll's ...
Registered in 0.000984 seconds.
Begin MonoManager ReloadAssembly
Native extension for WindowsStandalone target not found
Refreshing native plugins compatible for Editor in 0.35 ms, found 1 plugins.
Preloading 0 native plugins for Editor in 0.00 ms.
Invoked RoslynAnalysisRunner static constructor.
RoslynAnalysisRunner will not be running.
RoslynAnalysisRunner has terminated.
Mono: successfully reloaded assembly
- Completed reload, in  0.750 seconds
Platform modules already initialized, skipping
Refreshing native plugins compatible for Editor in 0.61 ms, found 1 plugins.
Preloading 0 native plugins for Editor in 0.00 ms.
Unloading 2075 Unused Serialized files (Serialized files now loaded: 0)
System memory in use before: 98.9 MB.
System memory in use after: 99.0 MB.

Unloading 7 unused Assets to reduce memory usage. Loaded Objects now: 2633.
Total: 1.877200 ms (FindLiveObjects: 0.240800 ms CreateObjectMapping: 0.096800 ms MarkObjects: 1.525700 ms  DeleteObjects: 0.013200 ms)

========================================================================
Received Prepare
Registering precompiled user dll's ...
Registered in 0.000904 seconds.
Begin MonoManager ReloadAssembly
Native extension for WindowsStandalone target not found
Refreshing native plugins compatible for Editor in 0.39 ms, found 1 plugins.
Preloading 0 native plugins for Editor in 0.00 ms.
Invoked RoslynAnalysisRunner static constructor.
RoslynAnalysisRunner will not be running.
RoslynAnalysisRunner has terminated.
Mono: successfully reloaded assembly
- Completed reload, in  0.731 seconds
Platform modules already initialized, skipping
Refreshing native plugins compatible for Editor in 0.36 ms, found 1 plugins.
Preloading 0 native plugins for Editor in 0.00 ms.
Unloading 2075 Unused Serialized files (Serialized files now loaded: 0)
System memory in use before: 99.0 MB.
System memory in use after: 99.1 MB.

Unloading 7 unused Assets to reduce memory usage. Loaded Objects now: 2636.
Total: 1.789600 ms (FindLiveObjects: 0.245000 ms CreateObjectMapping: 0.092500 ms MarkObjects: 1.437100 ms  DeleteObjects: 0.014300 ms)

========================================================================
Received Prepare
Registering precompiled user dll's ...
Registered in 0.001033 seconds.
Begin MonoManager ReloadAssembly
Native extension for WindowsStandalone target not found
Refreshing native plugins compatible for Editor in 0.36 ms, found 1 plugins.
Preloading 0 native plugins for Editor in 0.00 ms.
Invoked RoslynAnalysisRunner static constructor.
RoslynAnalysisRunner will not be running.
RoslynAnalysisRunner has terminated.
Mono: successfully reloaded assembly
- Completed reload, in  0.766 seconds
Platform modules already initialized, skipping
Refreshing native plugins compatible for Editor in 0.35 ms, found 1 plugins.
Preloading 0 native plugins for Editor in 0.00 ms.
Unloading 2075 Unused Serialized files (Serialized files now loaded: 0)
System memory in use before: 99.1 MB.
System memory in use after: 99.2 MB.

Unloading 7 unused Assets to reduce memory usage. Loaded Objects now: 2639.
Total: 1.908800 ms (FindLiveObjects: 0.291100 ms CreateObjectMapping: 0.085100 ms MarkObjects: 1.512900 ms  DeleteObjects: 0.018500 ms)

========================================================================
Received Prepare
Registering precompiled user dll's ...
Registered in 0.000925 seconds.
Begin MonoManager ReloadAssembly
Native extension for WindowsStandalone target not found
Refreshing native plugins compatible for Editor in 0.34 ms, found 1 plugins.
Preloading 0 native plugins for Editor in 0.00 ms.
Invoked RoslynAnalysisRunner static constructor.
RoslynAnalysisRunner will not be running.
RoslynAnalysisRunner has terminated.
Mono: successfully reloaded assembly
- Completed reload, in  0.732 seconds
Platform modules already initialized, skipping
Refreshing native plugins compatible for Editor in 0.37 ms, found 1 plugins.
Preloading 0 native plugins for Editor in 0.00 ms.
Unloading 2075 Unused Serialized files (Serialized files now loaded: 0)
System memory in use before: 99.2 MB.
System memory in use after: 99.3 MB.

Unloading 7 unused Assets to reduce memory usage. Loaded Objects now: 2642.
Total: 1.833200 ms (FindLiveObjects: 0.250100 ms CreateObjectMapping: 0.096100 ms MarkObjects: 1.472400 ms  DeleteObjects: 0.013700 ms)

========================================================================
Received Prepare
Registering precompiled user dll's ...
Registered in 0.000984 seconds.
Begin MonoManager ReloadAssembly
Native extension for WindowsStandalone target not found
Refreshing native plugins compatible for Editor in 0.34 ms, found 1 plugins.
Preloading 0 native plugins for Editor in 0.00 ms.
Invoked RoslynAnalysisRunner static constructor.
RoslynAnalysisRunner will not be running.
RoslynAnalysisRunner has terminated.
Mono: successfully reloaded assembly
- Completed reload, in  0.741 seconds
Platform modules already initialized, skipping
Refreshing native plugins compatible for Editor in 0.37 ms, found 1 plugins.
Preloading 0 native plugins for Editor in 0.00 ms.
Unloading 2075 Unused Serialized files (Serialized files now loaded: 0)
System memory in use before: 99.3 MB.
System memory in use after: 99.4 MB.

Unloading 7 unused Assets to reduce memory usage. Loaded Objects now: 2645.
Total: 1.785600 ms (FindLiveObjects: 0.202800 ms CreateObjectMapping: 0.074100 ms MarkObjects: 1.495000 ms  DeleteObjects: 0.012600 ms)

========================================================================
Received Prepare
Registering precompiled user dll's ...
Registered in 0.000887 seconds.
Begin MonoManager ReloadAssembly
Native extension for WindowsStandalone target not found
Refreshing native plugins compatible for Editor in 0.63 ms, found 1 plugins.
Preloading 0 native plugins for Editor in 0.00 ms.
Invoked RoslynAnalysisRunner static constructor.
RoslynAnalysisRunner will not be running.
RoslynAnalysisRunner has terminated.
Mono: successfully reloaded assembly
- Completed reload, in  0.743 seconds
Platform modules already initialized, skipping
Refreshing native plugins compatible for Editor in 0.34 ms, found 1 plugins.
Preloading 0 native plugins for Editor in 0.00 ms.
Unloading 2075 Unused Serialized files (Serialized files now loaded: 0)
System memory in use before: 99.4 MB.
System memory in use after: 99.5 MB.

Unloading 7 unused Assets to reduce memory usage. Loaded Objects now: 2648.
Total: 1.762400 ms (FindLiveObjects: 0.206100 ms CreateObjectMapping: 0.076400 ms MarkObjects: 1.466600 ms  DeleteObjects: 0.012400 ms)

========================================================================
Received Prepare
Registering precompiled user dll's ...
Registered in 0.000906 seconds.
Begin MonoManager ReloadAssembly
Native extension for WindowsStandalone target not found
Refreshing native plugins compatible for Editor in 0.35 ms, found 1 plugins.
Preloading 0 native plugins for Editor in 0.00 ms.
Invoked RoslynAnalysisRunner static constructor.
RoslynAnalysisRunner will not be running.
RoslynAnalysisRunner has terminated.
Mono: successfully reloaded assembly
- Completed reload, in  0.740 seconds
Platform modules already initialized, skipping
Refreshing native plugins compatible for Editor in 0.37 ms, found 1 plugins.
Preloading 0 native plugins for Editor in 0.00 ms.
Unloading 2075 Unused Serialized files (Serialized files now loaded: 0)
System memory in use before: 99.4 MB.
System memory in use after: 99.6 MB.

Unloading 7 unused Assets to reduce memory usage. Loaded Objects now: 2651.
Total: 1.968400 ms (FindLiveObjects: 0.298600 ms CreateObjectMapping: 0.131100 ms MarkObjects: 1.524200 ms  DeleteObjects: 0.013400 ms)

========================================================================
Received Prepare
Registering precompiled user dll's ...
Registered in 0.000932 seconds.
Begin MonoManager ReloadAssembly
Native extension for WindowsStandalone target not found
Refreshing native plugins compatible for Editor in 0.34 ms, found 1 plugins.
Preloading 0 native plugins for Editor in 0.00 ms.
Invoked RoslynAnalysisRunner static constructor.
RoslynAnalysisRunner will not be running.
RoslynAnalysisRunner has terminated.
Mono: successfully reloaded assembly
- Completed reload, in  0.739 seconds
Platform modules already initialized, skipping
Refreshing native plugins compatible for Editor in 0.37 ms, found 1 plugins.
Preloading 0 native plugins for Editor in 0.00 ms.
Unloading 2075 Unused Serialized files (Serialized files now loaded: 0)
System memory in use before: 99.5 MB.
System memory in use after: 99.7 MB.

Unloading 7 unused Assets to reduce memory usage. Loaded Objects now: 2654.
Total: 1.771000 ms (FindLiveObjects: 0.204600 ms CreateObjectMapping: 0.076900 ms MarkObjects: 1.476300 ms  DeleteObjects: 0.012000 ms)

========================================================================
Received Prepare
Registering precompiled user dll's ...
Registered in 0.001372 seconds.
Begin MonoManager ReloadAssembly
Native extension for WindowsStandalone target not found
Refreshing native plugins compatible for Editor in 0.35 ms, found 1 plugins.
Preloading 0 native plugins for Editor in 0.00 ms.
Invoked RoslynAnalysisRunner static constructor.
RoslynAnalysisRunner will not be running.
RoslynAnalysisRunner has terminated.
Mono: successfully reloaded assembly
- Completed reload, in  0.769 seconds
Platform modules already initialized, skipping
Refreshing native plugins compatible for Editor in 0.34 ms, found 1 plugins.
Preloading 0 native plugins for Editor in 0.00 ms.
Unloading 2075 Unused Serialized files (Serialized files now loaded: 0)
System memory in use before: 98.6 MB.
System memory in use after: 98.7 MB.

Unloading 7 unused Assets to reduce memory usage. Loaded Objects now: 2657.
Total: 1.907800 ms (FindLiveObjects: 0.280700 ms CreateObjectMapping: 0.098600 ms MarkObjects: 1.512500 ms  DeleteObjects: 0.015300 ms)

========================================================================
Received Prepare
Registering precompiled user dll's ...
Registered in 0.000919 seconds.
Begin MonoManager ReloadAssembly
Native extension for WindowsStandalone target not found
Refreshing native plugins compatible for Editor in 0.41 ms, found 1 plugins.
Preloading 0 native plugins for Editor in 0.00 ms.
Invoked RoslynAnalysisRunner static constructor.
RoslynAnalysisRunner will not be running.
RoslynAnalysisRunner has terminated.
Mono: successfully reloaded assembly
- Completed reload, in  0.914 seconds
Platform modules already initialized, skipping
Refreshing native plugins compatible for Editor in 0.73 ms, found 1 plugins.
Preloading 0 native plugins for Editor in 0.00 ms.
Unloading 2075 Unused Serialized files (Serialized files now loaded: 0)
System memory in use before: 98.7 MB.
System memory in use after: 98.8 MB.

Unloading 7 unused Assets to reduce memory usage. Loaded Objects now: 2660.
Total: 20.361000 ms (FindLiveObjects: 0.364800 ms CreateObjectMapping: 0.106200 ms MarkObjects: 19.867500 ms  DeleteObjects: 0.021200 ms)

AssetImportWorkerClient::OnTransportError - code=2 error=End of file
